d:\projects\roguec\roguelikefromscratch\gamefromscratch\debug\vc143.pdb
d:\projects\roguec\roguelikefromscratch\gamefromscratch\debug\vc143.idb
d:\projects\roguec\roguelikefromscratch\gamefromscratch\debug\texturemanager.obj
d:\projects\roguec\roguelikefromscratch\gamefromscratch\debug\rendersystem.obj
d:\projects\roguec\roguelikefromscratch\gamefromscratch\debug\movementsystem.obj
d:\projects\roguec\roguelikefromscratch\gamefromscratch\debug\map.obj
d:\projects\roguec\roguelikefromscratch\gamefromscratch\debug\main.obj
d:\projects\roguec\roguelikefromscratch\gamefromscratch\debug\windowmanager.obj
d:\projects\roguec\roguelikefromscratch\gamefromscratch\debug\vector2.obj
d:\projects\roguec\roguelikefromscratch\gamefromscratch\debug\shootsystem.obj
d:\projects\roguec\roguelikefromscratch\gamefromscratch\debug\physicssystem.obj
d:\projects\roguec\roguelikefromscratch\gamefromscratch\debug\followsystem.obj
d:\projects\roguec\roguelikefromscratch\gamefromscratch\debug\gameobject.obj
d:\projects\roguec\roguelikefromscratch\gamefromscratch\debug\game.obj
d:\projects\roguec\roguelikefromscratch\gamefromscratch\debug\gamefromscratch.ilk
d:\projects\roguec\roguelikefromscratch\debug\gamefromscratch.exe
d:\projects\roguec\roguelikefromscratch\debug\gamefromscratch.pdb
d:\projects\roguec\roguelikefromscratch\gamefromscratch\debug\gamefromscratch.tlog\cl.command.1.tlog
d:\projects\roguec\roguelikefromscratch\gamefromscratch\debug\gamefromscratch.tlog\cl.items.tlog
d:\projects\roguec\roguelikefromscratch\gamefromscratch\debug\gamefromscratch.tlog\cl.read.1.tlog
d:\projects\roguec\roguelikefromscratch\gamefromscratch\debug\gamefromscratch.tlog\cl.write.1.tlog
d:\projects\roguec\roguelikefromscratch\gamefromscratch\debug\gamefromscratch.tlog\link.command.1.tlog
d:\projects\roguec\roguelikefromscratch\gamefromscratch\debug\gamefromscratch.tlog\link.read.1.tlog
d:\projects\roguec\roguelikefromscratch\gamefromscratch\debug\gamefromscratch.tlog\link.write.1.tlog
